<?xml version="1.0" encoding="UTF-8"?>
<!-- Generated by org.testng.reporters.JUnitReportReporter -->
<testsuite name="com.mercury.tours.Mercury_Sign_On_TestNG_Headless_Browser" tests="1" time="12.305" ignored="0" failures="0" timestamp="24 Dec 2019 05:18:10 GMT" skipped="0" hostname="LP-BL8G8R1" errors="0">
  <testcase name="SignOn" time="12.305" classname="com.mercury.tours.Mercury_Sign_On_TestNG_Headless_Browser"/>
</testsuite> <!-- com.mercury.tours.Mercury_Sign_On_TestNG_Headless_Browser -->
