<?xml version="1.0" encoding="UTF-8"?>
<!-- Generated by org.testng.reporters.JUnitReportReporter -->
<testsuite name="com.mercury.tours.MouseHover_TestNG" tests="1" time="11.750" ignored="0" failures="0" timestamp="24 Dec 2019 10:45:39 GMT" skipped="0" hostname="LP-BL8G8R1" errors="0">
  <testcase name="SignOn" time="11.750" classname="com.mercury.tours.MouseHover_TestNG"/>
</testsuite> <!-- com.mercury.tours.MouseHover_TestNG -->
