<?xml version="1.0" encoding="UTF-8"?>
<!-- Generated by org.testng.reporters.JUnitReportReporter -->
<testsuite name="com.mercury.tours.Sign_On_ReadXLSX" tests="3" time="29.990" ignored="0" failures="0" timestamp="26 Dec 2019 07:13:41 GMT" skipped="0" hostname="LP-BL8G8R1" errors="0">
  <testcase name="SignOn" time="9.338" classname="com.mercury.tours.Sign_On_ReadXLSX"/>
  <testcase name="SignOn" time="11.638" classname="com.mercury.tours.Sign_On_ReadXLSX"/>
  <testcase name="SignOn" time="9.014" classname="com.mercury.tours.Sign_On_ReadXLSX"/>
</testsuite> <!-- com.mercury.tours.Sign_On_ReadXLSX -->
