<?xml version="1.0" encoding="UTF-8"?>
<!-- Generated by org.testng.reporters.JUnitReportReporter -->
<testsuite name="com.mercury.tours.HDFC_NetBanking_Handle_Window_Alert_TestNG_Class" tests="1" time="0.415" ignored="0" failures="0" timestamp="24 Dec 2019 12:13:20 GMT" skipped="0" hostname="LP-BL8G8R1" errors="0">
  <testcase name="SignOn" time="0.415" classname="com.mercury.tours.HDFC_NetBanking_Handle_Window_Alert_TestNG_Class"/>
</testsuite> <!-- com.mercury.tours.HDFC_NetBanking_Handle_Window_Alert_TestNG_Class -->
