<?xml version="1.0" encoding="UTF-8"?>
<!-- Generated by org.testng.reporters.JUnitReportReporter -->
<testsuite name="com.mercury.tours.Sign_On_ReadXLS" tests="3" time="33.660" ignored="0" failures="0" timestamp="26 Dec 2019 06:17:14 GMT" skipped="0" hostname="LP-BL8G8R1" errors="0">
  <testcase name="SignOn" time="8.674" classname="com.mercury.tours.Sign_On_ReadXLS"/>
  <testcase name="SignOn" time="12.657" classname="com.mercury.tours.Sign_On_ReadXLS"/>
  <testcase name="SignOn" time="12.329" classname="com.mercury.tours.Sign_On_ReadXLS"/>
</testsuite> <!-- com.mercury.tours.Sign_On_ReadXLS -->
