<?xml version="1.0" encoding="UTF-8"?>
<!-- Generated by org.testng.reporters.JUnitReportReporter -->
<testsuite name="com.mercury.tours.Login_Read_Properties_File" tests="1" time="11.694" ignored="0" failures="0" timestamp="26 Dec 2019 10:06:22 GMT" skipped="0" hostname="LP-BL8G8R1" errors="0">
  <testcase name="SignOn" time="11.694" classname="com.mercury.tours.Login_Read_Properties_File"/>
</testsuite> <!-- com.mercury.tours.Login_Read_Properties_File -->
