<?xml version="1.0" encoding="UTF-8"?>
<!-- Generated by org.testng.reporters.JUnitReportReporter -->
<testsuite name="com.mercury.tours.UploadFile_RobotClass" tests="1" time="3.583" ignored="0" failures="0" timestamp="25 Dec 2019 12:18:52 GMT" skipped="0" hostname="LP-BL8G8R1" errors="0">
  <testcase name="testUpload" time="3.583" classname="com.mercury.tours.UploadFile_RobotClass"/>
</testsuite> <!-- com.mercury.tours.UploadFile_RobotClass -->
