<?xml version="1.0" encoding="UTF-8"?>
<!-- Generated by org.testng.reporters.JUnitReportReporter -->
<testsuite name="com.mercury.tours.Extent_Report_Example" tests="2" time="96.129" ignored="0" failures="0" timestamp="26 Dec 2019 11:09:36 GMT" skipped="0" hostname="LP-BL8G8R1" errors="0">
  <testcase name="LaunchBrowser" time="81.356" classname="com.mercury.tours.Extent_Report_Example"/>
  <testcase name="SignOn" time="14.773" classname="com.mercury.tours.Extent_Report_Example"/>
</testsuite> <!-- com.mercury.tours.Extent_Report_Example -->
