<?xml version="1.0" encoding="UTF-8"?>
<!-- Generated by org.testng.reporters.JUnitReportReporter -->
<testsuite name="com.mercury.tours.Parameter_Sign_On" tests="3" time="386.424" ignored="0" failures="0" timestamp="25 Dec 2019 07:09:18 GMT" skipped="0" hostname="LP-BL8G8R1" errors="0">
  <testcase name="SignOn" time="284.421" classname="com.mercury.tours.Parameter_Sign_On"/>
  <testcase name="SignOn" time="4.409" classname="com.mercury.tours.Parameter_Sign_On"/>
  <testcase name="SignOn" time="97.594" classname="com.mercury.tours.Parameter_Sign_On"/>
</testsuite> <!-- com.mercury.tours.Parameter_Sign_On -->
