<?xml version="1.0" encoding="UTF-8"?>
<!-- Generated by org.testng.reporters.JUnitReportReporter -->
<testsuite name="com.mercury.tours.InternetExplorer_Sign_On_TestNG" tests="1" time="35.355" ignored="0" failures="0" timestamp="25 Dec 2019 09:00:47 GMT" skipped="0" hostname="LP-BL8G8R1" errors="0">
  <testcase name="SignOn" time="35.355" classname="com.mercury.tours.InternetExplorer_Sign_On_TestNG"/>
</testsuite> <!-- com.mercury.tours.InternetExplorer_Sign_On_TestNG -->
