<?xml version="1.0" encoding="UTF-8"?>
<!-- Generated by org.testng.reporters.JUnitReportReporter -->
<testsuite name="com.mercury.tours.Navigate_AllLinks_TestNG" tests="1" time="61.323" ignored="0" failures="0" timestamp="25 Dec 2019 05:13:14 GMT" skipped="0" hostname="LP-BL8G8R1" errors="0">
  <testcase name="SignOn" time="61.323" classname="com.mercury.tours.Navigate_AllLinks_TestNG"/>
</testsuite> <!-- com.mercury.tours.Navigate_AllLinks_TestNG -->
