<?xml version="1.0" encoding="UTF-8"?>
<!-- Generated by org.testng.reporters.JUnitReportReporter -->
<testsuite name="com.mercury.tours.Mercury_Sign_On_getText_TestNG" tests="1" time="20.178" ignored="0" failures="0" timestamp="24 Dec 2019 05:35:54 GMT" skipped="0" hostname="LP-BL8G8R1" errors="0">
  <testcase name="SignOn" time="20.178" classname="com.mercury.tours.Mercury_Sign_On_getText_TestNG"/>
</testsuite> <!-- com.mercury.tours.Mercury_Sign_On_getText_TestNG -->
