<?xml version="1.0" encoding="UTF-8"?>
<!-- Generated by org.testng.reporters.JUnitReportReporter -->
<testsuite name="com.mercury.tours.Mercury_HDFC_NetBanking_TestNG_Class" tests="1" time="0.630" ignored="0" failures="0" timestamp="24 Dec 2019 07:40:00 GMT" skipped="0" hostname="LP-BL8G8R1" errors="0">
  <testcase name="SignOn" time="0.630" classname="com.mercury.tours.Mercury_HDFC_NetBanking_TestNG_Class"/>
</testsuite> <!-- com.mercury.tours.Mercury_HDFC_NetBanking_TestNG_Class -->
