<?xml version="1.0" encoding="UTF-8"?>
<!-- Generated by org.testng.reporters.JUnitReportReporter -->
<testsuite name="com.mercury.tours.Drag_Drop_MouseHover_TestNG" tests="1" time="6.426" ignored="0" failures="0" timestamp="24 Dec 2019 10:53:17 GMT" skipped="0" hostname="LP-BL8G8R1" errors="0">
  <testcase name="SignOn" time="6.426" classname="com.mercury.tours.Drag_Drop_MouseHover_TestNG"/>
</testsuite> <!-- com.mercury.tours.Drag_Drop_MouseHover_TestNG -->
