<?xml version="1.0" encoding="UTF-8"?>
<!-- Generated by org.testng.reporters.JUnitReportReporter -->
<testsuite name="com.mercury.tours.Mercury_Sign_On_Following_Preceeding_Sibling_TestNG_Class" tests="1" time="13.491" ignored="0" failures="0" timestamp="24 Dec 2019 09:26:15 GMT" skipped="0" hostname="LP-BL8G8R1" errors="0">
  <testcase name="SignOn" time="13.491" classname="com.mercury.tours.Mercury_Sign_On_Following_Preceeding_Sibling_TestNG_Class"/>
</testsuite> <!-- com.mercury.tours.Mercury_Sign_On_Following_Preceeding_Sibling_TestNG_Class -->
